autoscan: warning: missing AC_CHECK_FUNCS([gethostbyname]) wanted by: 
	rendview/src/lib/myaddrinfo.cpp:43
	rendview/src/lib/myaddrinfo.hpp:72
autoscan: warning: missing AC_CHECK_FUNCS([getpass]) wanted by: 
	rendview/src/lib/ldrproto.cpp:130
	rendview/src/lib/ldrproto.cpp:145
	rendview/src/lib/ldrproto.hpp:244
autoscan: warning: missing AC_CHECK_FUNCS([inet_ntoa]) wanted by: 
	rendview/src/lib/myaddrinfo.cpp:62
	rendview/src/lib/myaddrinfo.cpp:64
autoscan: warning: missing AC_CHECK_FUNCS([pow]) wanted by: 
	anitmt-calc/output/lib/convtoa.cpp:53
	anitmt-calc/output/lib/convtoa.cpp:83
	anitmt-calc/output/lib/convtoa.cpp:140
	anitmt-calc/output/lib/convtoa.cpp:142
	utils/genpoly.cpp:132
autoscan: warning: missing AC_CHECK_FUNCS([select]) wanted by: 
	hlib/fd/fdmanager.cc:1964
	hlib/fd/fdmanager.cc:2000
autoscan: warning: missing AC_CHECK_FUNCS([socket]) wanted by: 
	rendview/src/tsource/ldr/param.cpp:73
	rendview/src/tsource/ldr/param.hpp:50
	rendview/src/tdriver/ldr/ldrclient.cpp:62
	rendview/src/lib/myaddrinfo.cpp:69
	rendview/src/lib/myaddrinfo.cpp:71
	rendview/src/lib/myaddrinfo.hpp:85
	rendview/src/lib/myaddrinfo.hpp:85
	rendview/src/lib/myaddrinfo.hpp:87
	hlib/misc/check_misc.cc:345
autoscan: warning: missing AC_CHECK_FUNCS([sqrt]) wanted by: 
	anitmt-view/myvektor.h:80
	anitmt-calc/functionality/object.cpp:441
	anitmt-calc/functionality/object.cpp:442
	anitmt-calc/functionality/object.cpp:554
	anitmt-calc/functionality/object.cpp:632
	anitmt-calc/functionality/object.cpp:633
	anitmt-calc/functionality/solver.hpp:2713
	anitmt-calc/functionality/solver.hpp:2732
	anitmt-calc/input/adl2/parser.cc:1439
	anitmt-calc/input/adl2/parser.cc:1543
	anitmt-calc/input/adl2/parser.yy:244
	anitmt-calc/input/adl2/parser.yy:287
	lib/val/scalar.hpp:125
	lib/val/scalar.hpp:126
	lib/val/ivector.hpp:70
	lib/val/ivector.hpp:72
	lib/val/ivector.hpp:174
autoscan: warning: missing AC_CHECK_FUNCS([stime]) wanted by: 
	rendview/src/tdriver/local/tdriverfact.cpp:211
	hlib/include/hlib/intprocbase.h:115
	hlib/include/hlib/intprocbase.h:127
	hlib/fd/intprocbase.h:115
	hlib/fd/intprocbase.h:127
autoscan: warning: missing AC_CHECK_FUNCS([strstr]) wanted by: 
	hlib/misc/hlib_id1.c:118
autoscan: warning: missing AC_CHECK_FUNCS([utime]) wanted by: 
	rendview/src/tdriver/local/tdriverfact.cpp:210
	hlib/include/hlib/intprocbase.h:115
	hlib/include/hlib/intprocbase.h:127
	hlib/fd/intprocbase.h:115
	hlib/fd/intprocbase.h:127
autoscan: warning: missing AC_CHECK_HEADERS([arpa/inet.h]) wanted by: 
	rendview/src/lib/myaddrinfo.cpp:19
autoscan: warning: missing AC_CHECK_HEADERS([fcntl.h]) wanted by: 
	anitmt-calc/output/lib/outstr.cpp:25
	anitmt-calc/output/lib/instr.cpp:23
	utils/mkavi/mkavi.cc:29
	rendview/src/taskmanager.cpp:21
	rendview/src/lib/file.cpp:27
	rendview/src/lib/get_load.cpp:17
	rendview/src/lib/netiobase.cpp:24
	hlib/misc/check_misc.cc:27
	hlib/misc/nonblock.c:18
	hlib/misc/getloadavg.c:19
	hlib/fd/check_fd.cc:36
	hlib/fd/procmanager.cc:23
autoscan: warning: missing AC_CHECK_HEADERS([netdb.h]) wanted by: 
	rendview/src/tdriver/ldr/dif_param.cpp:29
	rendview/src/lib/myaddrinfo.cpp:18
autoscan: warning: missing AC_CHECK_HEADERS([netinet/in.h]) wanted by: 
	rendview/src/lib/myaddrinfo.hpp:27
	rendview/src/lib/ldrproto.cpp:23
	hlib/misc/check_misc.cc:37
autoscan: warning: missing AC_CHECK_HEADERS([sys/ioctl.h]) wanted by: 
	hlib/misc/gettermsize.c:23
autoscan: warning: missing AC_CHECK_HEADERS([sys/socket.h]) wanted by: 
	rendview/src/lib/myaddrinfo.hpp:24
	hlib/include/hlib/fdbase.h:28
	hlib/include/hlib/hlib.h:27
	hlib/misc/check_misc.cc:34
	hlib/misc/hlib.h:27
	hlib/misc/sockerror.c:19
	hlib/misc/tcpnodelay.c:19
	hlib/fd/fdbase.h:28
autoscan: warning: missing AC_CHECK_HEADERS([termios.h]) wanted by: 
	hlib/misc/gettermsize.c:19
autoscan: warning: missing AC_FUNC_FORK wanted by: 
	rendview/src/tdriver/local/dif_local.cpp:191
	hlib/include/hlib/procbase.h:64
	hlib/include/hlib/procbase.h:102
	hlib/include/hlib/procmanager.h:52
	hlib/include/hlib/intprocbase.h:264
	hlib/fd/procbase.h:64
	hlib/fd/procbase.h:102
	hlib/fd/procmanager.h:52
	hlib/fd/intprocbase.h:264
	hlib/fd/procmanager.cc:267
	hlib/fd/procmanager.cc:819
autoscan: warning: missing AC_FUNC_GETLOADAVG wanted by: 
	hlib/misc/getloadavg.c:35
autoscan: warning: missing AC_FUNC_MALLOC wanted by: 
	anitmt-view/tga2avi.cpp:125
	anitmt-view/tga2avi.cpp:126
	anitmt-view/tga2avi.cpp:127
	anitmt-view/tga2avi.cpp:128
	anitmt-view/tga2avi.cpp:129
	anitmt-view/tga2avi.cpp:130
	anitmt-view/avi2tga.cpp:90
	anitmt-view/avi2tga.cpp:91
	anitmt-view/avi2tga.cpp:92
	anitmt-view/avi2tga.cpp:93
	anitmt-view/avi2tga.cpp:94
	anitmt-view/myvektor.h:48
	anitmt-view/myavi.h:265
	anitmt-view/myavi.h:266
	anitmt-view/myavi.h:311
	anitmt-view/mystr.h:39
	anitmt-view/mystr.h:93
	anitmt-view/mystr.h:166
	anitmt-view/mystr.h:188
	anitmt-view/mystr.h:217
	anitmt-view/mystr.h:236
	anitmt-view/myfile.h:113
	anitmt-view/myfile.h:189
	anitmt-view/myfile.h:242
	anitmt-view/myfile.h:474
	anitmt-calc/funcgen/scanner.cc:2665
	anitmt-calc/input/adl2/scanner.cc:2220
	utils/genpoly.cpp:115
	utils/mkavi/mkavi.cc:106
	utils/mkavi/mkavi.cc:107
	utils/mkavi/mkavi.cc:108
	utils/mkavi/mkavi.cc:109
	utils/mkavi/mkavi.cc:110
	utils/mkavi/mkavi.cc:112
	utils/mkavi/mkavi.cc:113
	hlib/include/hlib/parconsumer.h:151
	hlib/include/hlib/parconsumer.h:217
	hlib/include/hlib/cplusplus.h:39
	hlib/include/hlib/cplusplus.h:47
	hlib/include/hlib/cplusplus.h:53
	hlib/include/hlib/cplusplus.h:402
	hlib/include/hlib/fdbase.h:250
	hlib/include/hlib/fdbase.h:323
	hlib/include/hlib/fdbase.h:342
	hlib/include/hlib/parmanager.h:75
	hlib/crypto/check_crypto.cc:691
	hlib/misc/limitmalloc.c:117
	hlib/par/parconsumer.h:151
	hlib/par/parconsumer.h:217
	hlib/par/cmanhdl.cc:308
	hlib/par/cmanhdl.cc:316
	hlib/par/parmanager.h:75
	hlib/cpp/cplusplus.h:39
	hlib/cpp/cplusplus.h:47
	hlib/cpp/cplusplus.h:53
	hlib/cpp/cplusplus.h:402
	hlib/cpp/cplusplusff.cc:33
	hlib/fd/fdmanager.cc:28
	hlib/fd/fdmanager.cc:217
	hlib/fd/fdbase.h:250
	hlib/fd/fdbase.h:323
	hlib/fd/fdbase.h:342
autoscan: warning: missing AC_FUNC_MKTIME wanted by: 
	hlib/fd/htimeread.cc:200
autoscan: warning: missing AC_FUNC_STRFTIME wanted by: 
	hlib/include/hlib/htime.h:180
	hlib/fd/htimeprint.cc:44
	hlib/fd/htimeprint.cc:48
	hlib/fd/htime.h:180
autoscan: warning: missing AC_FUNC_STRTOD wanted by: 
	utils/genpoly.cpp:232
	rendview/src/lib/get_ncpus.cpp:133
	hlib/misc/getloadavg.c:59
	hlib/par/defhdl.cc:141
	lib/par/conv.cpp:224
autoscan: warning: missing AC_FUNC_UTIME_NULL wanted by: 
	rendview/src/tdriver/local/tdriverfact.cpp:210
	hlib/include/hlib/intprocbase.h:115
	hlib/include/hlib/intprocbase.h:127
	hlib/fd/intprocbase.h:115
	hlib/fd/intprocbase.h:127
autoscan: warning: missing AC_FUNC_VPRINTF wanted by: 
	rendview/src/lib/error.cpp:92
	rendview/src/lib/error.cpp:104
	rendview/src/lib/error.cpp:116
	rendview/src/lib/error.cpp:134
autoscan: warning: missing AC_FUNC_WAIT3 wanted by: 
	hlib/include/hlib/procmanager.h:32
	hlib/include/hlib/intprocbase.h:104
	hlib/fd/procmanager.h:32
	hlib/fd/intprocbase.h:104
	hlib/fd/procmanager.cc:604
	hlib/fd/procmanager.cc:768
autoscan: warning: missing AC_HEADER_SYS_WAIT wanted by: 
	hlib/fd/procmanager.cc:26
autoscan: warning: missing AC_STRUCT_TM wanted by: 
	rendview/src/database.cpp:934
	rendview/src/database.cpp:937
	rendview/src/database.hpp:128
	hlib/fd/htimeread.cc:29
	hlib/fd/htimeread.cc:30
	hlib/fd/htimeprint.cc:37
